Success (14):
group 543 355a6c95-15d1-45fa-8304-83104737cb9f "JA Administrators"
group 544 c108e007-53a0-408a-93bd-a511548a1648 "JA Users"
content 38117 8f2718fa-a931-4f03-9491-6e0a528e3c36 "JA Rules & Constants"
content 38118 96b3bd66-6b83-4f13-ad31-438a319d9c55 "JA Knowledge Center"
content 38119 9e951003-3930-4bb5-b750-9e0827ccf6d4 "JA Application Documentation"
content 38120 e4e2f51a-80c1-41b5-87fc-e69921154ea7 "JA Artifacts"
content 38123 _a-0000eb9e-312c-8000-9bf9-011c48011c48_743285 "JA_Test1"
content 38294 _a-0000eb9e-312c-8000-9bf9-011c48011c48_745035 "JA_Test2"
content 38299 _a-0000eb9e-312c-8000-9bf9-011c48011c48_745081 "JA_Test3"
content 38304 _a-0000eb9e-312c-8000-9bf9-011c48011c48_745126 "JA_Test4"
content 38309 _a-0000eb9e-312c-8000-9bf9-011c48011c48_745171 "JA_Test5"
content 38314 _a-0000eb9e-312c-8000-9bf9-011c48011c48_745216 "JA_Test6"
processModelFolder 69 c5814a42-0d28-4c6c-9cbd-4b04c5d22cf5 "JA Process Models"
application 38121 42f2920a-ca70-4016-b600-5cfa1417995c "Jenkins AD"

Trace:
2024-03-19 04:45:31.944 DEBUG application 38121 42f2920a-ca70-4016-b600-5cfa1417995c Begin transport.
2024-03-19 04:45:31.944 DEBUG application 38121 42f2920a-ca70-4016-b600-5cfa1417995c Retrieving object data.
2024-03-19 04:45:31.957 DEBUG application 38121 42f2920a-ca70-4016-b600-5cfa1417995c App associated objects: [group=[355a6c95-15d1-45fa-8304-83104737cb9f, c108e007-53a0-408a-93bd-a511548a1648],content=[8f2718fa-a931-4f03-9491-6e0a528e3c36, 9e951003-3930-4bb5-b750-9e0827ccf6d4, e4e2f51a-80c1-41b5-87fc-e69921154ea7, 96b3bd66-6b83-4f13-ad31-438a319d9c55, _a-0000eb9e-312c-8000-9bf9-011c48011c48_743285, _a-0000eb9e-312c-8000-9bf9-011c48011c48_745035, _a-0000eb9e-312c-8000-9bf9-011c48011c48_745081, _a-0000eb9e-312c-8000-9bf9-011c48011c48_745126, _a-0000eb9e-312c-8000-9bf9-011c48011c48_745171, _a-0000eb9e-312c-8000-9bf9-011c48011c48_745216],processModelFolder=[c5814a42-0d28-4c6c-9cbd-4b04c5d22cf5]]
2024-03-19 04:45:31.985 DEBUG application 38121 42f2920a-ca70-4016-b600-5cfa1417995c Invalid associated objects: []
2024-03-19 04:45:31.985 DEBUG application 38121 42f2920a-ca70-4016-b600-5cfa1417995c Adding valid associated objects to be exported: GlobalBindingMap[group={355a6c95-15d1-45fa-8304-83104737cb9f=543, c108e007-53a0-408a-93bd-a511548a1648=544},content={8f2718fa-a931-4f03-9491-6e0a528e3c36=38117, 9e951003-3930-4bb5-b750-9e0827ccf6d4=38119, e4e2f51a-80c1-41b5-87fc-e69921154ea7=38120, 96b3bd66-6b83-4f13-ad31-438a319d9c55=38118, _a-0000eb9e-312c-8000-9bf9-011c48011c48_743285=38123, _a-0000eb9e-312c-8000-9bf9-011c48011c48_745035=38294, _a-0000eb9e-312c-8000-9bf9-011c48011c48_745081=38299, _a-0000eb9e-312c-8000-9bf9-011c48011c48_745126=38304, _a-0000eb9e-312c-8000-9bf9-011c48011c48_745171=38309, _a-0000eb9e-312c-8000-9bf9-011c48011c48_745216=38314},processModelFolder={c5814a42-0d28-4c6c-9cbd-4b04c5d22cf5=69}]
2024-03-19 04:45:31.985 DEBUG application 38121 42f2920a-ca70-4016-b600-5cfa1417995c Setting uuids of object references.
2024-03-19 04:45:31.987 DEBUG application 38121 42f2920a-ca70-4016-b600-5cfa1417995c Processing reference: Application.forum
2024-03-19 04:45:31.989 DEBUG application 38121 42f2920a-ca70-4016-b600-5cfa1417995c Processing reference: Application.parent
2024-03-19 04:45:31.998 DEBUG application 38121 42f2920a-ca70-4016-b600-5cfa1417995c Processing reference: com.appiancorp.suiteapi.content.ContentRoleMap@641efbb6[
  ContentRole[name=readers,groupIds=[544],inherit=false,allowForAll=false]
  ContentRole[name=authors,inherit=false,allowForAll=false]
  ContentRole[name=administrators,groupIds=[543],inherit=false,allowForAll=false]
  ContentRole[name=denyReaders,inherit=false,allowForAll=false]
  ContentRole[name=denyAuthors,inherit=false,allowForAll=false]
  ContentRole[name=denyAdministrators,inherit=false,allowForAll=false]
  securityVector=1:SEC_PUBLIC=true,SEC_CREATOR_ADMIN=false,SEC_INH_ADMIN=false,SEC_INH_EDITOR=false,SEC_INH_VIEWER=false,SEC_ALL_ADMIN=false,SEC_ALL_EDITOR=false,SEC_ALL_VIEWER=false
]
2024-03-19 04:45:31.998 DEBUG application 38121 42f2920a-ca70-4016-b600-5cfa1417995c Processing reference: ContentRole[name=readers,groupIds=[544],inherit=false,allowForAll=false]
2024-03-19 04:45:32.002 DEBUG group 544 c108e007-53a0-408a-93bd-a511548a1648 Begin transport.
2024-03-19 04:45:32.002 DEBUG group 544 c108e007-53a0-408a-93bd-a511548a1648 Retrieving object data.
2024-03-19 04:45:32.043 DEBUG group 544 c108e007-53a0-408a-93bd-a511548a1648 Setting uuids of object references.
2024-03-19 04:45:32.043 DEBUG group 544 c108e007-53a0-408a-93bd-a511548a1648 Processing reference: Role[name=<null>,groupIds=[543]]
2024-03-19 04:45:32.045 DEBUG group 543 355a6c95-15d1-45fa-8304-83104737cb9f Begin transport.
2024-03-19 04:45:32.045 DEBUG group 543 355a6c95-15d1-45fa-8304-83104737cb9f Retrieving object data.
2024-03-19 04:45:32.065 DEBUG group 543 355a6c95-15d1-45fa-8304-83104737cb9f Setting uuids of object references.
2024-03-19 04:45:32.066 DEBUG group 543 355a6c95-15d1-45fa-8304-83104737cb9f Processing reference: Role[name=<null>,groupIds=[543]]
2024-03-19 04:45:32.067 DEBUG group 543 355a6c95-15d1-45fa-8304-83104737cb9f Begin transport.
2024-03-19 04:45:32.067 DEBUG group 543 355a6c95-15d1-45fa-8304-83104737cb9f Loop detected: [group:543]
2024-03-19 04:45:32.067 DEBUG group 543 Breaking loop [group:543]. group:543 will be transported with its reference to 543 nulled out and will require a second pass.
2024-03-19 04:45:32.068 DEBUG group 543 355a6c95-15d1-45fa-8304-83104737cb9f Processing reference: Group.groupTypeId
2024-03-19 04:45:32.071 DEBUG group 543 355a6c95-15d1-45fa-8304-83104737cb9f Processing reference: Group.parentId
2024-03-19 04:45:32.072 DEBUG group 543 355a6c95-15d1-45fa-8304-83104737cb9f Processing reference: Group.homePageId
2024-03-19 04:45:32.072 DEBUG group 543 355a6c95-15d1-45fa-8304-83104737cb9f Processing reference: Role[name=<null>]
2024-03-19 04:45:32.073 DEBUG group 543 355a6c95-15d1-45fa-8304-83104737cb9f Object transported with these references nulled out: [group:543]
2024-03-19 04:45:32.073 DEBUG group 543 355a6c95-15d1-45fa-8304-83104737cb9f Binding pending incomplete: group:543
2024-03-19 04:45:32.074 DEBUG group 543 355a6c95-15d1-45fa-8304-83104737cb9f Begin transport.
2024-03-19 04:45:32.074 DEBUG group 543 355a6c95-15d1-45fa-8304-83104737cb9f Retrieving object data.
2024-03-19 04:45:32.083 DEBUG group 543 355a6c95-15d1-45fa-8304-83104737cb9f Setting uuids of object references.
2024-03-19 04:45:32.083 DEBUG group 543 355a6c95-15d1-45fa-8304-83104737cb9f Processing reference: Role[name=<null>,groupIds=[543]]
2024-03-19 04:45:32.085 DEBUG group 543 355a6c95-15d1-45fa-8304-83104737cb9f Processing reference: Group.groupTypeId
2024-03-19 04:45:32.086 DEBUG group 543 355a6c95-15d1-45fa-8304-83104737cb9f Processing reference: Group.parentId
2024-03-19 04:45:32.086 DEBUG group 543 355a6c95-15d1-45fa-8304-83104737cb9f Processing reference: Group.homePageId
2024-03-19 04:45:32.086 DEBUG group 543 355a6c95-15d1-45fa-8304-83104737cb9f Processing reference: Role[name=<null>]
2024-03-19 04:45:32.086 DEBUG group 543 355a6c95-15d1-45fa-8304-83104737cb9f Exporting binary resources.
2024-03-19 04:45:32.086 DEBUG group 543 355a6c95-15d1-45fa-8304-83104737cb9f Serializing object to XML.
2024-03-19 04:45:32.087 DEBUG group 543 355a6c95-15d1-45fa-8304-83104737cb9f Removed object from incomplete list.
2024-03-19 04:45:32.087 DEBUG group 543 355a6c95-15d1-45fa-8304-83104737cb9f Object transported.
2024-03-19 04:45:32.087 DEBUG group 543 355a6c95-15d1-45fa-8304-83104737cb9f Binding pending incomplete: group:543
2024-03-19 04:45:32.089 DEBUG group 544 c108e007-53a0-408a-93bd-a511548a1648 Processing reference: Group.groupTypeId
2024-03-19 04:45:32.091 DEBUG group 544 c108e007-53a0-408a-93bd-a511548a1648 Processing reference: Group.parentId
2024-03-19 04:45:32.091 DEBUG group 544 c108e007-53a0-408a-93bd-a511548a1648 Processing reference: Group.homePageId
2024-03-19 04:45:32.091 DEBUG group 544 c108e007-53a0-408a-93bd-a511548a1648 Processing reference: Role[name=<null>,groupIds=[543]]
2024-03-19 04:45:32.092 DEBUG group 544 c108e007-53a0-408a-93bd-a511548a1648 Exporting binary resources.
2024-03-19 04:45:32.092 DEBUG group 544 c108e007-53a0-408a-93bd-a511548a1648 Serializing object to XML.
2024-03-19 04:45:32.093 DEBUG group 544 c108e007-53a0-408a-93bd-a511548a1648 Object transported.
2024-03-19 04:45:32.093 DEBUG application 38121 42f2920a-ca70-4016-b600-5cfa1417995c Processing reference: ContentRole[name=authors,inherit=false,allowForAll=false]
2024-03-19 04:45:32.093 DEBUG application 38121 42f2920a-ca70-4016-b600-5cfa1417995c Processing reference: ContentRole[name=administrators,groupIds=[543],inherit=false,allowForAll=false]
2024-03-19 04:45:32.095 DEBUG application 38121 42f2920a-ca70-4016-b600-5cfa1417995c Processing reference: ContentRole[name=denyReaders,inherit=false,allowForAll=false]
2024-03-19 04:45:32.095 DEBUG application 38121 42f2920a-ca70-4016-b600-5cfa1417995c Processing reference: ContentRole[name=denyAuthors,inherit=false,allowForAll=false]
2024-03-19 04:45:32.095 DEBUG application 38121 42f2920a-ca70-4016-b600-5cfa1417995c Processing reference: ContentRole[name=denyAdministrators,inherit=false,allowForAll=false]
2024-03-19 04:45:32.136 DEBUG content 38117 8f2718fa-a931-4f03-9491-6e0a528e3c36 Begin transport.
2024-03-19 04:45:32.136 DEBUG content 38117 8f2718fa-a931-4f03-9491-6e0a528e3c36 Retrieving object data.
2024-03-19 04:45:32.15 DEBUG content 38117 8f2718fa-a931-4f03-9491-6e0a528e3c36 Setting uuids of object references.
2024-03-19 04:45:32.15 DEBUG content 38117 8f2718fa-a931-4f03-9491-6e0a528e3c36 Processing reference: RulesFolder.forum
2024-03-19 04:45:32.151 DEBUG content 38117 8f2718fa-a931-4f03-9491-6e0a528e3c36 Processing reference: RulesFolder.parent
2024-03-19 04:45:32.156 DEBUG content 38117 8f2718fa-a931-4f03-9491-6e0a528e3c36 Processing reference: com.appiancorp.suiteapi.content.ContentRoleMap@54a13536[
  ContentRole[name=readers,groupIds=[544],inherit=false,allowForAll=false]
  ContentRole[name=authors,inherit=false,allowForAll=false]
  ContentRole[name=administrators,groupIds=[543],inherit=false,allowForAll=false]
  ContentRole[name=denyReaders,inherit=false,allowForAll=false]
  ContentRole[name=denyAuthors,inherit=false,allowForAll=false]
  ContentRole[name=denyAdministrators,inherit=false,allowForAll=false]
  securityVector=1:SEC_PUBLIC=true,SEC_CREATOR_ADMIN=false,SEC_INH_ADMIN=false,SEC_INH_EDITOR=false,SEC_INH_VIEWER=false,SEC_ALL_ADMIN=false,SEC_ALL_EDITOR=false,SEC_ALL_VIEWER=false
]
2024-03-19 04:45:32.156 DEBUG content 38117 8f2718fa-a931-4f03-9491-6e0a528e3c36 Processing reference: ContentRole[name=readers,groupIds=[544],inherit=false,allowForAll=false]
2024-03-19 04:45:32.158 DEBUG content 38117 8f2718fa-a931-4f03-9491-6e0a528e3c36 Processing reference: ContentRole[name=authors,inherit=false,allowForAll=false]
2024-03-19 04:45:32.158 DEBUG content 38117 8f2718fa-a931-4f03-9491-6e0a528e3c36 Processing reference: ContentRole[name=administrators,groupIds=[543],inherit=false,allowForAll=false]
2024-03-19 04:45:32.16 DEBUG content 38117 8f2718fa-a931-4f03-9491-6e0a528e3c36 Processing reference: ContentRole[name=denyReaders,inherit=false,allowForAll=false]
2024-03-19 04:45:32.16 DEBUG content 38117 8f2718fa-a931-4f03-9491-6e0a528e3c36 Processing reference: ContentRole[name=denyAuthors,inherit=false,allowForAll=false]
2024-03-19 04:45:32.16 DEBUG content 38117 8f2718fa-a931-4f03-9491-6e0a528e3c36 Processing reference: ContentRole[name=denyAdministrators,inherit=false,allowForAll=false]
2024-03-19 04:45:32.16 DEBUG content 38117 8f2718fa-a931-4f03-9491-6e0a528e3c36 Exporting binary resources.
2024-03-19 04:45:32.16 DEBUG content 38117 8f2718fa-a931-4f03-9491-6e0a528e3c36 Serializing object to XML.
2024-03-19 04:45:32.161 DEBUG content 38117 8f2718fa-a931-4f03-9491-6e0a528e3c36 Object transported.
2024-03-19 04:45:32.161 DEBUG content 38119 9e951003-3930-4bb5-b750-9e0827ccf6d4 Begin transport.
2024-03-19 04:45:32.161 DEBUG content 38119 9e951003-3930-4bb5-b750-9e0827ccf6d4 Retrieving object data.
2024-03-19 04:45:32.175 DEBUG content 38119 9e951003-3930-4bb5-b750-9e0827ccf6d4 Setting uuids of object references.
2024-03-19 04:45:32.175 DEBUG content 38119 9e951003-3930-4bb5-b750-9e0827ccf6d4 Processing reference: KnowledgeFolder.forum
2024-03-19 04:45:32.175 DEBUG content 38119 9e951003-3930-4bb5-b750-9e0827ccf6d4 Processing reference: KnowledgeFolder.parent
2024-03-19 04:45:32.178 DEBUG content 38118 96b3bd66-6b83-4f13-ad31-438a319d9c55 Begin transport.
2024-03-19 04:45:32.178 DEBUG content 38118 96b3bd66-6b83-4f13-ad31-438a319d9c55 Retrieving object data.
2024-03-19 04:45:32.189 DEBUG content 38118 96b3bd66-6b83-4f13-ad31-438a319d9c55 Setting uuids of object references.
2024-03-19 04:45:32.19 DEBUG content 38118 96b3bd66-6b83-4f13-ad31-438a319d9c55 Processing reference: CommunityKnowledgeCenter.forum
2024-03-19 04:45:32.19 DEBUG content 38118 96b3bd66-6b83-4f13-ad31-438a319d9c55 Processing reference: CommunityKnowledgeCenter.parent
2024-03-19 04:45:32.193 DEBUG content 38118 96b3bd66-6b83-4f13-ad31-438a319d9c55 Processing reference: com.appiancorp.suiteapi.content.ContentRoleMap@1c121cb2[
  ContentRole[name=readers,groupIds=[544],inherit=false,allowForAll=false]
  ContentRole[name=authors,inherit=false,allowForAll=false]
  ContentRole[name=administrators,groupIds=[543],inherit=false,allowForAll=false]
  ContentRole[name=denyReaders,inherit=false,allowForAll=false]
  ContentRole[name=denyAuthors,inherit=false,allowForAll=false]
  ContentRole[name=denyAdministrators,inherit=false,allowForAll=false]
  securityVector=1:SEC_PUBLIC=true,SEC_CREATOR_ADMIN=false,SEC_INH_ADMIN=false,SEC_INH_EDITOR=false,SEC_INH_VIEWER=false,SEC_ALL_ADMIN=false,SEC_ALL_EDITOR=false,SEC_ALL_VIEWER=false
]
2024-03-19 04:45:32.193 DEBUG content 38118 96b3bd66-6b83-4f13-ad31-438a319d9c55 Processing reference: ContentRole[name=readers,groupIds=[544],inherit=false,allowForAll=false]
2024-03-19 04:45:32.195 DEBUG content 38118 96b3bd66-6b83-4f13-ad31-438a319d9c55 Processing reference: ContentRole[name=authors,inherit=false,allowForAll=false]
2024-03-19 04:45:32.195 DEBUG content 38118 96b3bd66-6b83-4f13-ad31-438a319d9c55 Processing reference: ContentRole[name=administrators,groupIds=[543],inherit=false,allowForAll=false]
2024-03-19 04:45:32.196 DEBUG content 38118 96b3bd66-6b83-4f13-ad31-438a319d9c55 Processing reference: ContentRole[name=denyReaders,inherit=false,allowForAll=false]
2024-03-19 04:45:32.196 DEBUG content 38118 96b3bd66-6b83-4f13-ad31-438a319d9c55 Processing reference: ContentRole[name=denyAuthors,inherit=false,allowForAll=false]
2024-03-19 04:45:32.196 DEBUG content 38118 96b3bd66-6b83-4f13-ad31-438a319d9c55 Processing reference: ContentRole[name=denyAdministrators,inherit=false,allowForAll=false]
2024-03-19 04:45:32.196 DEBUG content 38118 96b3bd66-6b83-4f13-ad31-438a319d9c55 Exporting binary resources.
2024-03-19 04:45:32.196 DEBUG content 38118 96b3bd66-6b83-4f13-ad31-438a319d9c55 Serializing object to XML.
2024-03-19 04:45:32.198 DEBUG content 38118 96b3bd66-6b83-4f13-ad31-438a319d9c55 Object transported.
2024-03-19 04:45:32.198 DEBUG content 38119 9e951003-3930-4bb5-b750-9e0827ccf6d4 Processing reference: com.appiancorp.suiteapi.content.ContentRoleMap@5e6c3de7[
  ContentRole[name=readers,inherit=true,allowForAll=false]
  ContentRole[name=authors,inherit=true,allowForAll=false]
  ContentRole[name=administrators,inherit=true,allowForAll=false]
  ContentRole[name=denyReaders,inherit=false,allowForAll=false]
  ContentRole[name=denyAuthors,inherit=false,allowForAll=false]
  ContentRole[name=denyAdministrators,inherit=false,allowForAll=false]
  securityVector=15:SEC_PUBLIC=true,SEC_CREATOR_ADMIN=false,SEC_INH_ADMIN=true,SEC_INH_EDITOR=true,SEC_INH_VIEWER=true,SEC_ALL_ADMIN=false,SEC_ALL_EDITOR=false,SEC_ALL_VIEWER=false
]
2024-03-19 04:45:32.198 DEBUG content 38119 9e951003-3930-4bb5-b750-9e0827ccf6d4 Processing reference: ContentRole[name=readers,inherit=true,allowForAll=false]
2024-03-19 04:45:32.198 DEBUG content 38119 9e951003-3930-4bb5-b750-9e0827ccf6d4 Processing reference: ContentRole[name=authors,inherit=true,allowForAll=false]
2024-03-19 04:45:32.198 DEBUG content 38119 9e951003-3930-4bb5-b750-9e0827ccf6d4 Processing reference: ContentRole[name=administrators,inherit=true,allowForAll=false]
2024-03-19 04:45:32.198 DEBUG content 38119 9e951003-3930-4bb5-b750-9e0827ccf6d4 Processing reference: ContentRole[name=denyReaders,inherit=false,allowForAll=false]
2024-03-19 04:45:32.198 DEBUG content 38119 9e951003-3930-4bb5-b750-9e0827ccf6d4 Processing reference: ContentRole[name=denyAuthors,inherit=false,allowForAll=false]
2024-03-19 04:45:32.198 DEBUG content 38119 9e951003-3930-4bb5-b750-9e0827ccf6d4 Processing reference: ContentRole[name=denyAdministrators,inherit=false,allowForAll=false]
2024-03-19 04:45:32.198 DEBUG content 38119 9e951003-3930-4bb5-b750-9e0827ccf6d4 Exporting binary resources.
2024-03-19 04:45:32.198 DEBUG content 38119 9e951003-3930-4bb5-b750-9e0827ccf6d4 Serializing object to XML.
2024-03-19 04:45:32.2 DEBUG content 38119 9e951003-3930-4bb5-b750-9e0827ccf6d4 Object transported.
2024-03-19 04:45:32.2 DEBUG content 38120 e4e2f51a-80c1-41b5-87fc-e69921154ea7 Begin transport.
2024-03-19 04:45:32.2 DEBUG content 38120 e4e2f51a-80c1-41b5-87fc-e69921154ea7 Retrieving object data.
2024-03-19 04:45:32.21 DEBUG content 38120 e4e2f51a-80c1-41b5-87fc-e69921154ea7 Setting uuids of object references.
2024-03-19 04:45:32.21 DEBUG content 38120 e4e2f51a-80c1-41b5-87fc-e69921154ea7 Processing reference: KnowledgeFolder.forum
2024-03-19 04:45:32.21 DEBUG content 38120 e4e2f51a-80c1-41b5-87fc-e69921154ea7 Processing reference: KnowledgeFolder.parent
2024-03-19 04:45:32.213 DEBUG content 38120 e4e2f51a-80c1-41b5-87fc-e69921154ea7 Processing reference: com.appiancorp.suiteapi.content.ContentRoleMap@5461a607[
  ContentRole[name=readers,inherit=true,allowForAll=false]
  ContentRole[name=authors,inherit=true,allowForAll=false]
  ContentRole[name=administrators,inherit=true,allowForAll=false]
  ContentRole[name=denyReaders,inherit=false,allowForAll=false]
  ContentRole[name=denyAuthors,inherit=false,allowForAll=false]
  ContentRole[name=denyAdministrators,inherit=false,allowForAll=false]
  securityVector=15:SEC_PUBLIC=true,SEC_CREATOR_ADMIN=false,SEC_INH_ADMIN=true,SEC_INH_EDITOR=true,SEC_INH_VIEWER=true,SEC_ALL_ADMIN=false,SEC_ALL_EDITOR=false,SEC_ALL_VIEWER=false
]
2024-03-19 04:45:32.213 DEBUG content 38120 e4e2f51a-80c1-41b5-87fc-e69921154ea7 Processing reference: ContentRole[name=readers,inherit=true,allowForAll=false]
2024-03-19 04:45:32.213 DEBUG content 38120 e4e2f51a-80c1-41b5-87fc-e69921154ea7 Processing reference: ContentRole[name=authors,inherit=true,allowForAll=false]
2024-03-19 04:45:32.213 DEBUG content 38120 e4e2f51a-80c1-41b5-87fc-e69921154ea7 Processing reference: ContentRole[name=administrators,inherit=true,allowForAll=false]
2024-03-19 04:45:32.213 DEBUG content 38120 e4e2f51a-80c1-41b5-87fc-e69921154ea7 Processing reference: ContentRole[name=denyReaders,inherit=false,allowForAll=false]
2024-03-19 04:45:32.213 DEBUG content 38120 e4e2f51a-80c1-41b5-87fc-e69921154ea7 Processing reference: ContentRole[name=denyAuthors,inherit=false,allowForAll=false]
2024-03-19 04:45:32.214 DEBUG content 38120 e4e2f51a-80c1-41b5-87fc-e69921154ea7 Processing reference: ContentRole[name=denyAdministrators,inherit=false,allowForAll=false]
2024-03-19 04:45:32.214 DEBUG content 38120 e4e2f51a-80c1-41b5-87fc-e69921154ea7 Exporting binary resources.
2024-03-19 04:45:32.214 DEBUG content 38120 e4e2f51a-80c1-41b5-87fc-e69921154ea7 Serializing object to XML.
2024-03-19 04:45:32.215 DEBUG content 38120 e4e2f51a-80c1-41b5-87fc-e69921154ea7 Object transported.
2024-03-19 04:45:32.215 DEBUG content 38123 _a-0000eb9e-312c-8000-9bf9-011c48011c48_743285 Begin transport.
2024-03-19 04:45:32.215 DEBUG content 38123 _a-0000eb9e-312c-8000-9bf9-011c48011c48_743285 Retrieving object data.
2024-03-19 04:45:32.229 DEBUG content 38123 _a-0000eb9e-312c-8000-9bf9-011c48011c48_743285 Setting uuids of object references.
2024-03-19 04:45:32.229 DEBUG content 38123 _a-0000eb9e-312c-8000-9bf9-011c48011c48_743285 Processing reference: [Content:id=38122,versionId=-1,name=JA_Test1,type=32,subtype=1,uuid=_a-0000eb9e-312c-8000-9bf9-011c48011c48_743285,parent=38117]
2024-03-19 04:45:32.23 DEBUG content 38123 _a-0000eb9e-312c-8000-9bf9-011c48011c48_743285 Processing reference: FreeformRule.forum
2024-03-19 04:45:32.23 DEBUG content 38123 _a-0000eb9e-312c-8000-9bf9-011c48011c48_743285 Processing reference: FreeformRule.parent
2024-03-19 04:45:32.234 DEBUG content 38123 _a-0000eb9e-312c-8000-9bf9-011c48011c48_743285 Processing reference: com.appiancorp.suiteapi.content.ContentRoleMap@f436164[
  ContentRole[name=readers,inherit=true,allowForAll=false]
  ContentRole[name=authors,inherit=true,allowForAll=false]
  ContentRole[name=administrators,inherit=true,allowForAll=false]
  ContentRole[name=denyReaders,inherit=false,allowForAll=false]
  ContentRole[name=denyAuthors,inherit=false,allowForAll=false]
  ContentRole[name=denyAdministrators,inherit=false,allowForAll=false]
  securityVector=15:SEC_PUBLIC=true,SEC_CREATOR_ADMIN=false,SEC_INH_ADMIN=true,SEC_INH_EDITOR=true,SEC_INH_VIEWER=true,SEC_ALL_ADMIN=false,SEC_ALL_EDITOR=false,SEC_ALL_VIEWER=false
]
2024-03-19 04:45:32.234 DEBUG content 38123 _a-0000eb9e-312c-8000-9bf9-011c48011c48_743285 Processing reference: ContentRole[name=readers,inherit=true,allowForAll=false]
2024-03-19 04:45:32.234 DEBUG content 38123 _a-0000eb9e-312c-8000-9bf9-011c48011c48_743285 Processing reference: ContentRole[name=authors,inherit=true,allowForAll=false]
2024-03-19 04:45:32.234 DEBUG content 38123 _a-0000eb9e-312c-8000-9bf9-011c48011c48_743285 Processing reference: ContentRole[name=administrators,inherit=true,allowForAll=false]
2024-03-19 04:45:32.234 DEBUG content 38123 _a-0000eb9e-312c-8000-9bf9-011c48011c48_743285 Processing reference: ContentRole[name=denyReaders,inherit=false,allowForAll=false]
2024-03-19 04:45:32.234 DEBUG content 38123 _a-0000eb9e-312c-8000-9bf9-011c48011c48_743285 Processing reference: ContentRole[name=denyAuthors,inherit=false,allowForAll=false]
2024-03-19 04:45:32.234 DEBUG content 38123 _a-0000eb9e-312c-8000-9bf9-011c48011c48_743285 Processing reference: ContentRole[name=denyAdministrators,inherit=false,allowForAll=false]
2024-03-19 04:45:32.234 DEBUG content 38123 _a-0000eb9e-312c-8000-9bf9-011c48011c48_743285 Exporting binary resources.
2024-03-19 04:45:32.234 DEBUG content 38123 _a-0000eb9e-312c-8000-9bf9-011c48011c48_743285 Serializing object to XML.
2024-03-19 04:45:32.236 DEBUG content 38123 _a-0000eb9e-312c-8000-9bf9-011c48011c48_743285 Object transported.
2024-03-19 04:45:32.236 DEBUG content 38294 _a-0000eb9e-312c-8000-9bf9-011c48011c48_745035 Begin transport.
2024-03-19 04:45:32.236 DEBUG content 38294 _a-0000eb9e-312c-8000-9bf9-011c48011c48_745035 Retrieving object data.
2024-03-19 04:45:32.247 DEBUG content 38294 _a-0000eb9e-312c-8000-9bf9-011c48011c48_745035 Setting uuids of object references.
2024-03-19 04:45:32.247 DEBUG content 38294 _a-0000eb9e-312c-8000-9bf9-011c48011c48_745035 Processing reference: [Content:id=38293,versionId=-1,name=JA_Test2,type=32,subtype=1,uuid=_a-0000eb9e-312c-8000-9bf9-011c48011c48_745035,parent=38117]
2024-03-19 04:45:32.248 DEBUG content 38294 _a-0000eb9e-312c-8000-9bf9-011c48011c48_745035 Processing reference: FreeformRule.forum
2024-03-19 04:45:32.248 DEBUG content 38294 _a-0000eb9e-312c-8000-9bf9-011c48011c48_745035 Processing reference: FreeformRule.parent
2024-03-19 04:45:32.251 DEBUG content 38294 _a-0000eb9e-312c-8000-9bf9-011c48011c48_745035 Processing reference: com.appiancorp.suiteapi.content.ContentRoleMap@1f9bcd7[
  ContentRole[name=readers,inherit=true,allowForAll=false]
  ContentRole[name=authors,inherit=true,allowForAll=false]
  ContentRole[name=administrators,inherit=true,allowForAll=false]
  ContentRole[name=denyReaders,inherit=false,allowForAll=false]
  ContentRole[name=denyAuthors,inherit=false,allowForAll=false]
  ContentRole[name=denyAdministrators,inherit=false,allowForAll=false]
  securityVector=15:SEC_PUBLIC=true,SEC_CREATOR_ADMIN=false,SEC_INH_ADMIN=true,SEC_INH_EDITOR=true,SEC_INH_VIEWER=true,SEC_ALL_ADMIN=false,SEC_ALL_EDITOR=false,SEC_ALL_VIEWER=false
]
2024-03-19 04:45:32.251 DEBUG content 38294 _a-0000eb9e-312c-8000-9bf9-011c48011c48_745035 Processing reference: ContentRole[name=readers,inherit=true,allowForAll=false]
2024-03-19 04:45:32.251 DEBUG content 38294 _a-0000eb9e-312c-8000-9bf9-011c48011c48_745035 Processing reference: ContentRole[name=authors,inherit=true,allowForAll=false]
2024-03-19 04:45:32.251 DEBUG content 38294 _a-0000eb9e-312c-8000-9bf9-011c48011c48_745035 Processing reference: ContentRole[name=administrators,inherit=true,allowForAll=false]
2024-03-19 04:45:32.251 DEBUG content 38294 _a-0000eb9e-312c-8000-9bf9-011c48011c48_745035 Processing reference: ContentRole[name=denyReaders,inherit=false,allowForAll=false]
2024-03-19 04:45:32.251 DEBUG content 38294 _a-0000eb9e-312c-8000-9bf9-011c48011c48_745035 Processing reference: ContentRole[name=denyAuthors,inherit=false,allowForAll=false]
2024-03-19 04:45:32.251 DEBUG content 38294 _a-0000eb9e-312c-8000-9bf9-011c48011c48_745035 Processing reference: ContentRole[name=denyAdministrators,inherit=false,allowForAll=false]
2024-03-19 04:45:32.252 DEBUG content 38294 _a-0000eb9e-312c-8000-9bf9-011c48011c48_745035 Exporting binary resources.
2024-03-19 04:45:32.252 DEBUG content 38294 _a-0000eb9e-312c-8000-9bf9-011c48011c48_745035 Serializing object to XML.
2024-03-19 04:45:32.253 DEBUG content 38294 _a-0000eb9e-312c-8000-9bf9-011c48011c48_745035 Object transported.
2024-03-19 04:45:32.253 DEBUG content 38299 _a-0000eb9e-312c-8000-9bf9-011c48011c48_745081 Begin transport.
2024-03-19 04:45:32.253 DEBUG content 38299 _a-0000eb9e-312c-8000-9bf9-011c48011c48_745081 Retrieving object data.
2024-03-19 04:45:32.265 DEBUG content 38299 _a-0000eb9e-312c-8000-9bf9-011c48011c48_745081 Setting uuids of object references.
2024-03-19 04:45:32.265 DEBUG content 38299 _a-0000eb9e-312c-8000-9bf9-011c48011c48_745081 Processing reference: [Content:id=38298,versionId=-1,name=JA_Test3,type=32,subtype=1,uuid=_a-0000eb9e-312c-8000-9bf9-011c48011c48_745081,parent=38117]
2024-03-19 04:45:32.266 DEBUG content 38299 _a-0000eb9e-312c-8000-9bf9-011c48011c48_745081 Processing reference: FreeformRule.forum
2024-03-19 04:45:32.266 DEBUG content 38299 _a-0000eb9e-312c-8000-9bf9-011c48011c48_745081 Processing reference: FreeformRule.parent
2024-03-19 04:45:32.27 DEBUG content 38299 _a-0000eb9e-312c-8000-9bf9-011c48011c48_745081 Processing reference: com.appiancorp.suiteapi.content.ContentRoleMap@470cdf42[
  ContentRole[name=readers,inherit=true,allowForAll=false]
  ContentRole[name=authors,inherit=true,allowForAll=false]
  ContentRole[name=administrators,inherit=true,allowForAll=false]
  ContentRole[name=denyReaders,inherit=false,allowForAll=false]
  ContentRole[name=denyAuthors,inherit=false,allowForAll=false]
  ContentRole[name=denyAdministrators,inherit=false,allowForAll=false]
  securityVector=15:SEC_PUBLIC=true,SEC_CREATOR_ADMIN=false,SEC_INH_ADMIN=true,SEC_INH_EDITOR=true,SEC_INH_VIEWER=true,SEC_ALL_ADMIN=false,SEC_ALL_EDITOR=false,SEC_ALL_VIEWER=false
]
2024-03-19 04:45:32.27 DEBUG content 38299 _a-0000eb9e-312c-8000-9bf9-011c48011c48_745081 Processing reference: ContentRole[name=readers,inherit=true,allowForAll=false]
2024-03-19 04:45:32.27 DEBUG content 38299 _a-0000eb9e-312c-8000-9bf9-011c48011c48_745081 Processing reference: ContentRole[name=authors,inherit=true,allowForAll=false]
2024-03-19 04:45:32.27 DEBUG content 38299 _a-0000eb9e-312c-8000-9bf9-011c48011c48_745081 Processing reference: ContentRole[name=administrators,inherit=true,allowForAll=false]
2024-03-19 04:45:32.27 DEBUG content 38299 _a-0000eb9e-312c-8000-9bf9-011c48011c48_745081 Processing reference: ContentRole[name=denyReaders,inherit=false,allowForAll=false]
2024-03-19 04:45:32.27 DEBUG content 38299 _a-0000eb9e-312c-8000-9bf9-011c48011c48_745081 Processing reference: ContentRole[name=denyAuthors,inherit=false,allowForAll=false]
2024-03-19 04:45:32.27 DEBUG content 38299 _a-0000eb9e-312c-8000-9bf9-011c48011c48_745081 Processing reference: ContentRole[name=denyAdministrators,inherit=false,allowForAll=false]
2024-03-19 04:45:32.27 DEBUG content 38299 _a-0000eb9e-312c-8000-9bf9-011c48011c48_745081 Exporting binary resources.
2024-03-19 04:45:32.27 DEBUG content 38299 _a-0000eb9e-312c-8000-9bf9-011c48011c48_745081 Serializing object to XML.
2024-03-19 04:45:32.271 DEBUG content 38299 _a-0000eb9e-312c-8000-9bf9-011c48011c48_745081 Object transported.
2024-03-19 04:45:32.271 DEBUG content 38304 _a-0000eb9e-312c-8000-9bf9-011c48011c48_745126 Begin transport.
2024-03-19 04:45:32.271 DEBUG content 38304 _a-0000eb9e-312c-8000-9bf9-011c48011c48_745126 Retrieving object data.
2024-03-19 04:45:32.287 DEBUG content 38304 _a-0000eb9e-312c-8000-9bf9-011c48011c48_745126 Setting uuids of object references.
2024-03-19 04:45:32.287 DEBUG content 38304 _a-0000eb9e-312c-8000-9bf9-011c48011c48_745126 Processing reference: [Content:id=38303,versionId=-1,name=JA_Test4,type=32,subtype=1,uuid=_a-0000eb9e-312c-8000-9bf9-011c48011c48_745126,parent=38117]
2024-03-19 04:45:32.287 DEBUG content 38304 _a-0000eb9e-312c-8000-9bf9-011c48011c48_745126 Processing reference: FreeformRule.forum
2024-03-19 04:45:32.287 DEBUG content 38304 _a-0000eb9e-312c-8000-9bf9-011c48011c48_745126 Processing reference: FreeformRule.parent
2024-03-19 04:45:32.29 DEBUG content 38304 _a-0000eb9e-312c-8000-9bf9-011c48011c48_745126 Processing reference: com.appiancorp.suiteapi.content.ContentRoleMap@692187e2[
  ContentRole[name=readers,inherit=true,allowForAll=false]
  ContentRole[name=authors,inherit=true,allowForAll=false]
  ContentRole[name=administrators,inherit=true,allowForAll=false]
  ContentRole[name=denyReaders,inherit=false,allowForAll=false]
  ContentRole[name=denyAuthors,inherit=false,allowForAll=false]
  ContentRole[name=denyAdministrators,inherit=false,allowForAll=false]
  securityVector=15:SEC_PUBLIC=true,SEC_CREATOR_ADMIN=false,SEC_INH_ADMIN=true,SEC_INH_EDITOR=true,SEC_INH_VIEWER=true,SEC_ALL_ADMIN=false,SEC_ALL_EDITOR=false,SEC_ALL_VIEWER=false
]
2024-03-19 04:45:32.291 DEBUG content 38304 _a-0000eb9e-312c-8000-9bf9-011c48011c48_745126 Processing reference: ContentRole[name=readers,inherit=true,allowForAll=false]
2024-03-19 04:45:32.291 DEBUG content 38304 _a-0000eb9e-312c-8000-9bf9-011c48011c48_745126 Processing reference: ContentRole[name=authors,inherit=true,allowForAll=false]
2024-03-19 04:45:32.291 DEBUG content 38304 _a-0000eb9e-312c-8000-9bf9-011c48011c48_745126 Processing reference: ContentRole[name=administrators,inherit=true,allowForAll=false]
2024-03-19 04:45:32.291 DEBUG content 38304 _a-0000eb9e-312c-8000-9bf9-011c48011c48_745126 Processing reference: ContentRole[name=denyReaders,inherit=false,allowForAll=false]
2024-03-19 04:45:32.291 DEBUG content 38304 _a-0000eb9e-312c-8000-9bf9-011c48011c48_745126 Processing reference: ContentRole[name=denyAuthors,inherit=false,allowForAll=false]
2024-03-19 04:45:32.291 DEBUG content 38304 _a-0000eb9e-312c-8000-9bf9-011c48011c48_745126 Processing reference: ContentRole[name=denyAdministrators,inherit=false,allowForAll=false]
2024-03-19 04:45:32.291 DEBUG content 38304 _a-0000eb9e-312c-8000-9bf9-011c48011c48_745126 Exporting binary resources.
2024-03-19 04:45:32.291 DEBUG content 38304 _a-0000eb9e-312c-8000-9bf9-011c48011c48_745126 Serializing object to XML.
2024-03-19 04:45:32.292 DEBUG content 38304 _a-0000eb9e-312c-8000-9bf9-011c48011c48_745126 Object transported.
2024-03-19 04:45:32.292 DEBUG content 38309 _a-0000eb9e-312c-8000-9bf9-011c48011c48_745171 Begin transport.
2024-03-19 04:45:32.292 DEBUG content 38309 _a-0000eb9e-312c-8000-9bf9-011c48011c48_745171 Retrieving object data.
2024-03-19 04:45:32.306 DEBUG content 38309 _a-0000eb9e-312c-8000-9bf9-011c48011c48_745171 Setting uuids of object references.
2024-03-19 04:45:32.306 DEBUG content 38309 _a-0000eb9e-312c-8000-9bf9-011c48011c48_745171 Processing reference: [Content:id=38308,versionId=-1,name=JA_Test5,type=32,subtype=1,uuid=_a-0000eb9e-312c-8000-9bf9-011c48011c48_745171,parent=38117]
2024-03-19 04:45:32.306 DEBUG content 38309 _a-0000eb9e-312c-8000-9bf9-011c48011c48_745171 Processing reference: FreeformRule.forum
2024-03-19 04:45:32.307 DEBUG content 38309 _a-0000eb9e-312c-8000-9bf9-011c48011c48_745171 Processing reference: FreeformRule.parent
2024-03-19 04:45:32.31 DEBUG content 38309 _a-0000eb9e-312c-8000-9bf9-011c48011c48_745171 Processing reference: com.appiancorp.suiteapi.content.ContentRoleMap@2e6ef678[
  ContentRole[name=readers,inherit=true,allowForAll=false]
  ContentRole[name=authors,inherit=true,allowForAll=false]
  ContentRole[name=administrators,inherit=true,allowForAll=false]
  ContentRole[name=denyReaders,inherit=false,allowForAll=false]
  ContentRole[name=denyAuthors,inherit=false,allowForAll=false]
  ContentRole[name=denyAdministrators,inherit=false,allowForAll=false]
  securityVector=15:SEC_PUBLIC=true,SEC_CREATOR_ADMIN=false,SEC_INH_ADMIN=true,SEC_INH_EDITOR=true,SEC_INH_VIEWER=true,SEC_ALL_ADMIN=false,SEC_ALL_EDITOR=false,SEC_ALL_VIEWER=false
]
2024-03-19 04:45:32.31 DEBUG content 38309 _a-0000eb9e-312c-8000-9bf9-011c48011c48_745171 Processing reference: ContentRole[name=readers,inherit=true,allowForAll=false]
2024-03-19 04:45:32.31 DEBUG content 38309 _a-0000eb9e-312c-8000-9bf9-011c48011c48_745171 Processing reference: ContentRole[name=authors,inherit=true,allowForAll=false]
2024-03-19 04:45:32.31 DEBUG content 38309 _a-0000eb9e-312c-8000-9bf9-011c48011c48_745171 Processing reference: ContentRole[name=administrators,inherit=true,allowForAll=false]
2024-03-19 04:45:32.31 DEBUG content 38309 _a-0000eb9e-312c-8000-9bf9-011c48011c48_745171 Processing reference: ContentRole[name=denyReaders,inherit=false,allowForAll=false]
2024-03-19 04:45:32.31 DEBUG content 38309 _a-0000eb9e-312c-8000-9bf9-011c48011c48_745171 Processing reference: ContentRole[name=denyAuthors,inherit=false,allowForAll=false]
2024-03-19 04:45:32.31 DEBUG content 38309 _a-0000eb9e-312c-8000-9bf9-011c48011c48_745171 Processing reference: ContentRole[name=denyAdministrators,inherit=false,allowForAll=false]
2024-03-19 04:45:32.31 DEBUG content 38309 _a-0000eb9e-312c-8000-9bf9-011c48011c48_745171 Exporting binary resources.
2024-03-19 04:45:32.31 DEBUG content 38309 _a-0000eb9e-312c-8000-9bf9-011c48011c48_745171 Serializing object to XML.
2024-03-19 04:45:32.312 DEBUG content 38309 _a-0000eb9e-312c-8000-9bf9-011c48011c48_745171 Object transported.
2024-03-19 04:45:32.312 DEBUG content 38314 _a-0000eb9e-312c-8000-9bf9-011c48011c48_745216 Begin transport.
2024-03-19 04:45:32.312 DEBUG content 38314 _a-0000eb9e-312c-8000-9bf9-011c48011c48_745216 Retrieving object data.
2024-03-19 04:45:32.323 DEBUG content 38314 _a-0000eb9e-312c-8000-9bf9-011c48011c48_745216 Setting uuids of object references.
2024-03-19 04:45:32.323 DEBUG content 38314 _a-0000eb9e-312c-8000-9bf9-011c48011c48_745216 Processing reference: [Content:id=38313,versionId=-1,name=JA_Test6,type=32,subtype=1,uuid=_a-0000eb9e-312c-8000-9bf9-011c48011c48_745216,parent=38117]
2024-03-19 04:45:32.324 DEBUG content 38314 _a-0000eb9e-312c-8000-9bf9-011c48011c48_745216 Processing reference: FreeformRule.forum
2024-03-19 04:45:32.324 DEBUG content 38314 _a-0000eb9e-312c-8000-9bf9-011c48011c48_745216 Processing reference: FreeformRule.parent
2024-03-19 04:45:32.334 DEBUG content 38314 _a-0000eb9e-312c-8000-9bf9-011c48011c48_745216 Processing reference: com.appiancorp.suiteapi.content.ContentRoleMap@51f38691[
  ContentRole[name=readers,inherit=true,allowForAll=false]
  ContentRole[name=authors,inherit=true,allowForAll=false]
  ContentRole[name=administrators,inherit=true,allowForAll=false]
  ContentRole[name=denyReaders,inherit=false,allowForAll=false]
  ContentRole[name=denyAuthors,inherit=false,allowForAll=false]
  ContentRole[name=denyAdministrators,inherit=false,allowForAll=false]
  securityVector=15:SEC_PUBLIC=true,SEC_CREATOR_ADMIN=false,SEC_INH_ADMIN=true,SEC_INH_EDITOR=true,SEC_INH_VIEWER=true,SEC_ALL_ADMIN=false,SEC_ALL_EDITOR=false,SEC_ALL_VIEWER=false
]
2024-03-19 04:45:32.334 DEBUG content 38314 _a-0000eb9e-312c-8000-9bf9-011c48011c48_745216 Processing reference: ContentRole[name=readers,inherit=true,allowForAll=false]
2024-03-19 04:45:32.334 DEBUG content 38314 _a-0000eb9e-312c-8000-9bf9-011c48011c48_745216 Processing reference: ContentRole[name=authors,inherit=true,allowForAll=false]
2024-03-19 04:45:32.334 DEBUG content 38314 _a-0000eb9e-312c-8000-9bf9-011c48011c48_745216 Processing reference: ContentRole[name=administrators,inherit=true,allowForAll=false]
2024-03-19 04:45:32.334 DEBUG content 38314 _a-0000eb9e-312c-8000-9bf9-011c48011c48_745216 Processing reference: ContentRole[name=denyReaders,inherit=false,allowForAll=false]
2024-03-19 04:45:32.334 DEBUG content 38314 _a-0000eb9e-312c-8000-9bf9-011c48011c48_745216 Processing reference: ContentRole[name=denyAuthors,inherit=false,allowForAll=false]
2024-03-19 04:45:32.334 DEBUG content 38314 _a-0000eb9e-312c-8000-9bf9-011c48011c48_745216 Processing reference: ContentRole[name=denyAdministrators,inherit=false,allowForAll=false]
2024-03-19 04:45:32.334 DEBUG content 38314 _a-0000eb9e-312c-8000-9bf9-011c48011c48_745216 Exporting binary resources.
2024-03-19 04:45:32.334 DEBUG content 38314 _a-0000eb9e-312c-8000-9bf9-011c48011c48_745216 Serializing object to XML.
2024-03-19 04:45:32.336 DEBUG content 38314 _a-0000eb9e-312c-8000-9bf9-011c48011c48_745216 Object transported.
2024-03-19 04:45:32.351 DEBUG processModelFolder 69 c5814a42-0d28-4c6c-9cbd-4b04c5d22cf5 Begin transport.
2024-03-19 04:45:32.351 DEBUG processModelFolder 69 c5814a42-0d28-4c6c-9cbd-4b04c5d22cf5 Retrieving object data.
2024-03-19 04:45:32.355 DEBUG processModelFolder 69 c5814a42-0d28-4c6c-9cbd-4b04c5d22cf5 Setting uuids of object references.
2024-03-19 04:45:32.356 DEBUG processModelFolder 69 c5814a42-0d28-4c6c-9cbd-4b04c5d22cf5 Processing reference: ProcessModelFolder.parentFolderId
2024-03-19 04:45:32.357 DEBUG processModelFolder 69 c5814a42-0d28-4c6c-9cbd-4b04c5d22cf5 Processing reference: com.appiancorp.suiteapi.process.ProcessRoleMap@4d4c53f0[
  Role[name=ADMIN_OWNER,groupIds=[543]]
  Role[name=EDITOR]
  Role[name=EXPLICIT_NONMEMBER]
  Role[name=VIEWER,groupIds=[544]]
  Role[name=MANAGER]
  Role[name=INITIATOR]
]
2024-03-19 04:45:32.357 DEBUG processModelFolder 69 c5814a42-0d28-4c6c-9cbd-4b04c5d22cf5 Processing reference: Role[name=ADMIN_OWNER,groupIds=[543]]
2024-03-19 04:45:32.359 DEBUG processModelFolder 69 c5814a42-0d28-4c6c-9cbd-4b04c5d22cf5 Processing reference: Role[name=EDITOR]
2024-03-19 04:45:32.359 DEBUG processModelFolder 69 c5814a42-0d28-4c6c-9cbd-4b04c5d22cf5 Processing reference: Role[name=EXPLICIT_NONMEMBER]
2024-03-19 04:45:32.359 DEBUG processModelFolder 69 c5814a42-0d28-4c6c-9cbd-4b04c5d22cf5 Processing reference: Role[name=VIEWER,groupIds=[544]]
2024-03-19 04:45:32.36 DEBUG processModelFolder 69 c5814a42-0d28-4c6c-9cbd-4b04c5d22cf5 Processing reference: Role[name=MANAGER]
2024-03-19 04:45:32.36 DEBUG processModelFolder 69 c5814a42-0d28-4c6c-9cbd-4b04c5d22cf5 Processing reference: Role[name=INITIATOR]
2024-03-19 04:45:32.362 DEBUG processModelFolder 69 c5814a42-0d28-4c6c-9cbd-4b04c5d22cf5 Exporting binary resources.
2024-03-19 04:45:32.362 DEBUG processModelFolder 69 c5814a42-0d28-4c6c-9cbd-4b04c5d22cf5 Serializing object to XML.
2024-03-19 04:45:32.363 DEBUG processModelFolder 69 c5814a42-0d28-4c6c-9cbd-4b04c5d22cf5 Object transported.
2024-03-19 04:45:32.673 DEBUG application 38121 42f2920a-ca70-4016-b600-5cfa1417995c Exporting binary resources.
2024-03-19 04:45:32.673 DEBUG application 38121 42f2920a-ca70-4016-b600-5cfa1417995c Serializing object to XML.
2024-03-19 04:45:32.678 DEBUG application 38121 42f2920a-ca70-4016-b600-5cfa1417995c Object transported.
